DestiMate/app/build/intermediates/manifest_merge_blame_file/debug/manifest-merger-blame-debug-report.txt
1<?xml version="1.0" encoding="utf-8"?>
2<manifest xmlns:android="http://schemas.android.com/apk/res/android"
3    package="com.capstone.destimate"
4    android:versionCode="1"
5    android:versionName="1.0" >
6
7    <uses-sdk
8        android:minSdkVersion="24"
9        android:targetSdkVersion="34" />
10
11    <uses-permission android:name="android.permission.INTERNET" />
11-->src\main\AndroidManifest.xml:5:5-67
11-->src\main\AndroidManifest.xml:5:22-64
12    <uses-permission android:name="android.permission.ACCESS_FINE_LOCATION" />
12-->src\main\AndroidManifest.xml:6:5-79
12-->src\main\AndroidManifest.xml:6:22-76
13    <uses-permission android:name="android.permission.ACCESS_COARSE_LOCATION" />
13-->src\main\AndroidManifest.xml:7:5-81
13-->src\main\AndroidManifest.xml:7:22-78
14
15    <!-- Include required permissions for Google Maps API to run. -->
16    <uses-permission android:name="android.permission.ACCESS_NETWORK_STATE" />
16-->[com.google.android.gms:play-services-maps:18.2.0] AndroidManifest.xml:23:5-79
16-->[com.google.android.gms:play-services-maps:18.2.0] AndroidManifest.xml:23:22-76
17
18    <uses-feature
18-->[com.google.android.gms:play-services-maps:18.2.0] AndroidManifest.xml:26:5-28:35
19        android:glEsVersion="0x00020000"
19-->[com.google.android.gms:play-services-maps:18.2.0] AndroidManifest.xml:27:9-41
20        android:required="true" />
20-->[com.google.android.gms:play-services-maps:18.2.0] AndroidManifest.xml:28:9-32
21
22    <queries>
22-->[com.google.android.gms:play-services-maps:18.2.0] AndroidManifest.xml:30:5-34:15
23
24        <!-- Needs to be explicitly declared on Android R+ -->
25        <package android:name="com.google.android.apps.maps" />
25-->[com.google.android.gms:play-services-maps:18.2.0] AndroidManifest.xml:33:9-64
25-->[com.google.android.gms:play-services-maps:18.2.0] AndroidManifest.xml:33:18-61
26    </queries>
27
28    <permission
28-->[androidx.core:core:1.12.0] AndroidManifest.xml:22:5-24:47
29        android:name="com.capstone.destimate.DYNAMIC_RECEIVER_NOT_EXPORTED_PERMISSION"
29-->[androidx.core:core:1.12.0] AndroidManifest.xml:23:9-81
30        android:protectionLevel="signature" />
30-->[androidx.core:core:1.12.0] AndroidManifest.xml:24:9-44
31
32    <uses-permission android:name="com.capstone.destimate.DYNAMIC_RECEIVER_NOT_EXPORTED_PERMISSION" />
32-->[androidx.core:core:1.12.0] AndroidManifest.xml:26:5-97
32-->[androidx.core:core:1.12.0] AndroidManifest.xml:26:22-94
33
34    <application
34-->src\main\AndroidManifest.xml:9:5-81:19
35        android:allowBackup="true"
35-->src\main\AndroidManifest.xml:10:9-35
36        android:appComponentFactory="androidx.core.app.CoreComponentFactory"
36-->[androidx.core:core:1.12.0] AndroidManifest.xml:28:18-86
37        android:dataExtractionRules="@xml/data_extraction_rules"
37-->src\main\AndroidManifest.xml:11:9-65
38        android:debuggable="true"
39        android:extractNativeLibs="false"
40        android:fullBackupContent="@xml/backup_rules"
40-->src\main\AndroidManifest.xml:12:9-54
41        android:icon="@drawable/header"
41-->src\main\AndroidManifest.xml:13:9-40
42        android:label="@string/app_name"
42-->src\main\AndroidManifest.xml:14:9-41
43        android:roundIcon="@drawable/header"
43-->src\main\AndroidManifest.xml:15:9-45
44        android:supportsRtl="true"
44-->src\main\AndroidManifest.xml:16:9-35
45        android:testOnly="true"
46        android:theme="@style/Theme.DestiMate" >
46-->src\main\AndroidManifest.xml:17:9-47
47        <activity
47-->src\main\AndroidManifest.xml:19:9-21:40
48            android:name="com.capstone.destimate.view.userdetail.UserActivity"
48-->src\main\AndroidManifest.xml:20:13-57
49            android:exported="false" />
49-->src\main\AndroidManifest.xml:21:13-37
50        <activity
50-->src\main\AndroidManifest.xml:22:9-26:54
51            android:name="com.capstone.destimate.view.User"
51-->src\main\AndroidManifest.xml:23:13-38
52            android:exported="false"
52-->src\main\AndroidManifest.xml:24:13-37
53            android:label="@string/title_activity_user"
53-->src\main\AndroidManifest.xml:25:13-56
54            android:theme="@style/Theme.DestiMate" />
54-->src\main\AndroidManifest.xml:26:13-51
55        <activity
55-->src\main\AndroidManifest.xml:27:9-29:40
56            android:name="com.capstone.destimate.view.detail.DetailActivity"
56-->src\main\AndroidManifest.xml:28:13-55
57            android:exported="false" />
57-->src\main\AndroidManifest.xml:29:13-37
58        <!--
59             TODO: Before you run your application, you need a Google Maps API key.
60
61             To get one, follow the directions here:
62
63                https://developers.google.com/maps/documentation/android-sdk/get-api-key
64
65             Once you have your API key (it starts with "AIza"), define a new property in your
66             project's local.properties file (e.g. MAPS_API_KEY=Aiza...), and replace the
67             "YOUR_API_KEY" string in this file with "${MAPS_API_KEY}".
68        -->
69        <meta-data
69-->src\main\AndroidManifest.xml:41:9-43:71
70            android:name="com.google.android.geo.API_KEY"
70-->src\main\AndroidManifest.xml:42:13-58
71            android:value="AIzaSyAhyFC65LiG0tkPo3ZvvTQjDeY1hreqdSc" />
71-->src\main\AndroidManifest.xml:43:13-68
72
73        <activity
73-->src\main\AndroidManifest.xml:45:9-48:59
74            android:name="com.capstone.destimate.view.maps.MapsActivity"
74-->src\main\AndroidManifest.xml:46:13-51
75            android:exported="false"
75-->src\main\AndroidManifest.xml:47:13-37
76            android:label="@string/title_activity_maps" />
76-->src\main\AndroidManifest.xml:48:13-56
77        <activity
77-->src\main\AndroidManifest.xml:49:9-57:20
78            android:name="com.capstone.destimate.view.splash.SplashActivity"
78-->src\main\AndroidManifest.xml:50:13-55
79            android:exported="true" >
79-->src\main\AndroidManifest.xml:51:13-36
80            <intent-filter>
80-->src\main\AndroidManifest.xml:52:13-56:29
81                <action android:name="android.intent.action.MAIN" />
81-->src\main\AndroidManifest.xml:53:17-69
81-->src\main\AndroidManifest.xml:53:25-66
82
83                <category android:name="android.intent.category.LAUNCHER" />
83-->src\main\AndroidManifest.xml:55:17-77
83-->src\main\AndroidManifest.xml:55:27-74
84            </intent-filter>
85        </activity>
86        <activity
86-->src\main\AndroidManifest.xml:58:9-60:40
87            android:name="com.capstone.destimate.view.register.RegisterActivity"
87-->src\main\AndroidManifest.xml:59:13-59
88            android:exported="false" />
88-->src\main\AndroidManifest.xml:60:13-37
89        <activity
89-->src\main\AndroidManifest.xml:61:9-63:40
90            android:name="com.capstone.destimate.view.login.LoginActivity"
90-->src\main\AndroidManifest.xml:62:13-53
91            android:exported="false" />
91-->src\main\AndroidManifest.xml:63:13-37
92        <activity
92-->src\main\AndroidManifest.xml:64:9-66:40
93            android:name="com.capstone.destimate.view.main.MainActivity"
93-->src\main\AndroidManifest.xml:65:13-51
94            android:exported="false" /> <!-- Trigger Google Play services to install the backported photo picker module. -->
94-->src\main\AndroidManifest.xml:66:13-37
95        <!-- suppress AndroidDomInspection -->
96        <service
96-->src\main\AndroidManifest.xml:68:9-80:19
97            android:name="com.google.android.gms.metadata.ModuleDependencies"
97-->src\main\AndroidManifest.xml:69:13-78
98            android:enabled="false"
98-->src\main\AndroidManifest.xml:70:13-36
99            android:exported="false" >
99-->src\main\AndroidManifest.xml:71:13-37
100            <intent-filter>
100-->src\main\AndroidManifest.xml:73:13-75:29
101                <action android:name="com.google.android.gms.metadata.MODULE_DEPENDENCIES" />
101-->src\main\AndroidManifest.xml:74:17-94
101-->src\main\AndroidManifest.xml:74:25-91
102            </intent-filter>
103
104            <meta-data
104-->src\main\AndroidManifest.xml:77:13-79:36
105                android:name="photopicker_activity:0:required"
105-->src\main\AndroidManifest.xml:78:17-63
106                android:value="" />
106-->src\main\AndroidManifest.xml:79:17-33
107        </service>
108        <!-- Needs to be explicitly declared on P+ -->
109        <uses-library
109-->[com.google.android.gms:play-services-maps:18.2.0] AndroidManifest.xml:39:9-41:40
110            android:name="org.apache.http.legacy"
110-->[com.google.android.gms:play-services-maps:18.2.0] AndroidManifest.xml:40:13-50
111            android:required="false" />
111-->[com.google.android.gms:play-services-maps:18.2.0] AndroidManifest.xml:41:13-37
112
113        <activity
113-->[com.google.android.gms:play-services-base:18.0.1] AndroidManifest.xml:20:9-22:45
114            android:name="com.google.android.gms.common.api.GoogleApiActivity"
114-->[com.google.android.gms:play-services-base:18.0.1] AndroidManifest.xml:20:19-85
115            android:exported="false"
115-->[com.google.android.gms:play-services-base:18.0.1] AndroidManifest.xml:22:19-43
116            android:theme="@android:style/Theme.Translucent.NoTitleBar" />
116-->[com.google.android.gms:play-services-base:18.0.1] AndroidManifest.xml:21:19-78
117
118        <meta-data
118-->[com.google.android.gms:play-services-basement:18.0.0] AndroidManifest.xml:21:9-23:69
119            android:name="com.google.android.gms.version"
119-->[com.google.android.gms:play-services-basement:18.0.0] AndroidManifest.xml:22:13-58
120            android:value="@integer/google_play_services_version" />
120-->[com.google.android.gms:play-services-basement:18.0.0] AndroidManifest.xml:23:13-66
121
122        <provider
122-->[androidx.emoji2:emoji2:1.2.0] AndroidManifest.xml:24:9-32:20
123            android:name="androidx.startup.InitializationProvider"
123-->[androidx.emoji2:emoji2:1.2.0] AndroidManifest.xml:25:13-67
124            android:authorities="com.capstone.destimate.androidx-startup"
124-->[androidx.emoji2:emoji2:1.2.0] AndroidManifest.xml:26:13-68
125            android:exported="false" >
125-->[androidx.emoji2:emoji2:1.2.0] AndroidManifest.xml:27:13-37
126            <meta-data
126-->[androidx.emoji2:emoji2:1.2.0] AndroidManifest.xml:29:13-31:52
127                android:name="androidx.emoji2.text.EmojiCompatInitializer"
127-->[androidx.emoji2:emoji2:1.2.0] AndroidManifest.xml:30:17-75
128                android:value="androidx.startup" />
128-->[androidx.emoji2:emoji2:1.2.0] AndroidManifest.xml:31:17-49
129            <meta-data
129-->[androidx.lifecycle:lifecycle-process:2.6.2] AndroidManifest.xml:29:13-31:52
130                android:name="androidx.lifecycle.ProcessLifecycleInitializer"
130-->[androidx.lifecycle:lifecycle-process:2.6.2] AndroidManifest.xml:30:17-78
131                android:value="androidx.startup" />
131-->[androidx.lifecycle:lifecycle-process:2.6.2] AndroidManifest.xml:31:17-49
132            <meta-data
132-->[androidx.profileinstaller:profileinstaller:1.3.0] AndroidManifest.xml:29:13-31:52
133                android:name="androidx.profileinstaller.ProfileInstallerInitializer"
133-->[androidx.profileinstaller:profileinstaller:1.3.0] AndroidManifest.xml:30:17-85
134                android:value="androidx.startup" />
134-->[androidx.profileinstaller:profileinstaller:1.3.0] AndroidManifest.xml:31:17-49
135        </provider>
136
137        <uses-library
137-->[androidx.window:window:1.0.0] AndroidManifest.xml:25:9-27:40
138            android:name="androidx.window.extensions"
138-->[androidx.window:window:1.0.0] AndroidManifest.xml:26:13-54
139            android:required="false" />
139-->[androidx.window:window:1.0.0] AndroidManifest.xml:27:13-37
140        <uses-library
140-->[androidx.window:window:1.0.0] AndroidManifest.xml:28:9-30:40
141            android:name="androidx.window.sidecar"
141-->[androidx.window:window:1.0.0] AndroidManifest.xml:29:13-51
142            android:required="false" />
142-->[androidx.window:window:1.0.0] AndroidManifest.xml:30:13-37
143
144        <receiver
144-->[androidx.profileinstaller:profileinstaller:1.3.0] AndroidManifest.xml:34:9-52:20
145            android:name="androidx.profileinstaller.ProfileInstallReceiver"
145-->[androidx.profileinstaller:profileinstaller:1.3.0] AndroidManifest.xml:35:13-76
146            android:directBootAware="false"
146-->[androidx.profileinstaller:profileinstaller:1.3.0] AndroidManifest.xml:36:13-44
147            android:enabled="true"
147-->[androidx.profileinstaller:profileinstaller:1.3.0] AndroidManifest.xml:37:13-35
148            android:exported="true"
148-->[androidx.profileinstaller:profileinstaller:1.3.0] AndroidManifest.xml:38:13-36
149            android:permission="android.permission.DUMP" >
149-->[androidx.profileinstaller:profileinstaller:1.3.0] AndroidManifest.xml:39:13-57
150            <intent-filter>
150-->[androidx.profileinstaller:profileinstaller:1.3.0] AndroidManifest.xml:40:13-42:29
151                <action android:name="androidx.profileinstaller.action.INSTALL_PROFILE" />
151-->[androidx.profileinstaller:profileinstaller:1.3.0] AndroidManifest.xml:41:17-91
151-->[androidx.profileinstaller:profileinstaller:1.3.0] AndroidManifest.xml:41:25-88
152            </intent-filter>
153            <intent-filter>
153-->[androidx.profileinstaller:profileinstaller:1.3.0] AndroidManifest.xml:43:13-45:29
154                <action android:name="androidx.profileinstaller.action.SKIP_FILE" />
154-->[androidx.profileinstaller:profileinstaller:1.3.0] AndroidManifest.xml:44:17-85
154-->[androidx.profileinstaller:profileinstaller:1.3.0] AndroidManifest.xml:44:25-82
155            </intent-filter>
156            <intent-filter>
156-->[androidx.profileinstaller:profileinstaller:1.3.0] AndroidManifest.xml:46:13-48:29
157                <action android:name="androidx.profileinstaller.action.SAVE_PROFILE" />
157-->[androidx.profileinstaller:profileinstaller:1.3.0] AndroidManifest.xml:47:17-88
157-->[androidx.profileinstaller:profileinstaller:1.3.0] AndroidManifest.xml:47:25-85
158            </intent-filter>
159            <intent-filter>
159-->[androidx.profileinstaller:profileinstaller:1.3.0] AndroidManifest.xml:49:13-51:29
160                <action android:name="androidx.profileinstaller.action.BENCHMARK_OPERATION" />
160-->[androidx.profileinstaller:profileinstaller:1.3.0] AndroidManifest.xml:50:17-95
160-->[androidx.profileinstaller:profileinstaller:1.3.0] AndroidManifest.xml:50:25-92
161            </intent-filter>
162        </receiver>
163    </application>
164
165</manifest>